!SESSION 2010-12-02 12:06:15.109 -----------------------------------------------
eclipse.buildId=unknown
java.version=1.6.0_20
java.vendor=Sun Microsystems Inc.
BootLoader constants: OS=linux, ARCH=x86_64, WS=gtk, NL=en_GB

!ENTRY commandline 4 0 2010-12-02 12:06:15.109
!MESSAGE 
!STACK 0
org.osgi.framework.BundleException: Exception in org.daisy.pipeline.ui.commandline.CmdLineActivator.start() of bundle commandline.
	at org.eclipse.osgi.framework.internal.core.BundleContextImpl.startActivator(BundleContextImpl.java:806)
	at org.eclipse.osgi.framework.internal.core.BundleContextImpl.start(BundleContextImpl.java:755)
	at org.eclipse.osgi.framework.internal.core.BundleHost.startWorker(BundleHost.java:370)
	at org.eclipse.osgi.framework.internal.core.AbstractBundle.updateWorker(AbstractBundle.java:629)
	at org.eclipse.osgi.framework.internal.core.AbstractBundle.update(AbstractBundle.java:576)
	at bndtools.launcher.BundleInstaller.performUpdates(BundleInstaller.java:286)
	at bndtools.launcher.BundleInstaller.performAllChanges(BundleInstaller.java:216)
	at bndtools.launcher.BundleInstaller.synchronizeBundles(BundleInstaller.java:127)
	at bndtools.launcher.BundleInstaller.run(BundleInstaller.java:83)
	at java.lang.Thread.run(Thread.java:636)
Caused by: java.lang.Error: Unresolved compilation problem: 
	Unhandled exception type InterruptedException

	at org.daisy.pipeline.ui.commandline.CmdLineActivator.start(CmdLineActivator.java:16)
	at org.eclipse.osgi.framework.internal.core.BundleContextImpl$1.run(BundleContextImpl.java:783)
	at java.security.AccessController.doPrivileged(Native Method)
	at org.eclipse.osgi.framework.internal.core.BundleContextImpl.startActivator(BundleContextImpl.java:774)
	... 9 more
Root exception:
java.lang.Error: Unresolved compilation problem: 
	Unhandled exception type InterruptedException

	at org.daisy.pipeline.ui.commandline.CmdLineActivator.start(CmdLineActivator.java:16)
	at org.eclipse.osgi.framework.internal.core.BundleContextImpl$1.run(BundleContextImpl.java:783)
	at java.security.AccessController.doPrivileged(Native Method)
	at org.eclipse.osgi.framework.internal.core.BundleContextImpl.startActivator(BundleContextImpl.java:774)
	at org.eclipse.osgi.framework.internal.core.BundleContextImpl.start(BundleContextImpl.java:755)
	at org.eclipse.osgi.framework.internal.core.BundleHost.startWorker(BundleHost.java:370)
	at org.eclipse.osgi.framework.internal.core.AbstractBundle.updateWorker(AbstractBundle.java:629)
	at org.eclipse.osgi.framework.internal.core.AbstractBundle.update(AbstractBundle.java:576)
	at bndtools.launcher.BundleInstaller.performUpdates(BundleInstaller.java:286)
	at bndtools.launcher.BundleInstaller.performAllChanges(BundleInstaller.java:216)
	at bndtools.launcher.BundleInstaller.synchronizeBundles(BundleInstaller.java:127)
	at bndtools.launcher.BundleInstaller.run(BundleInstaller.java:83)
	at java.lang.Thread.run(Thread.java:636)
